<?xml version="1.0" encoding="UTF-8"?>
<!-- Generated by org.testng.reporters.JUnitXMLReporter -->
<testsuite hostname="DESKTOP-GVGEMUQ" ignored="0" name="Default test" tests="4" failures="0" timestamp="2022-11-03T09:46:23 IST" time="44.698" errors="0">
  <testcase name="DepartingFromDropDown" time="1.219" classname="com.TestCases.FlightDropDownTest"/>
  <testcase name="getRoundtripTest" time="1.134" classname="com.TestCases.FlightDropDownTest"/>
  <testcase name="oneWayTest" time="0.281" classname="com.TestCases.FlightDropDownTest"/>
  <testcase name="passengerDropDown" time="0.472" classname="com.TestCases.FlightDropDownTest"/>
</testsuite> <!-- Default test -->
